<?xml version="1.0" encoding="UTF-8"?>
<!-- Generated by org.testng.reporters.JUnitXMLReporter -->
<testsuite ignored="0" hostname="LAPTOP-9AORDMPD" failures="0" tests="1" name="TestIshaHomes" time="0.108" errors="0" timestamp="2021-03-24T10:22:54 IST">
  <testcase classname="MiniProject.BuildProjectEnquiry2" name="@BeforeMethod OpenBrowser" time="0.072">
    <failure type="java.lang.IllegalStateException" message="The driver executable does not exist: C:\Users\prith\eclipse-workspace\MiniProjectBuildingEnquiry\.\WebDriversExe files\geckodriver">
      <![CDATA[java.lang.IllegalStateException: The driver executable does not exist: C:\Users\prith\eclipse-workspace\MiniProjectBuildingEnquiry\.\WebDriversExe files\geckodriver
at com.google.common.base.Preconditions.checkState(Preconditions.java:585)
at org.openqa.selenium.remote.service.DriverService.checkExecutable(DriverService.java:146)
at org.openqa.selenium.remote.service.DriverService.findExecutable(DriverService.java:141)
at org.openqa.selenium.firefox.GeckoDriverService.access$100(GeckoDriverService.java:44)
at org.openqa.selenium.firefox.GeckoDriverService$Builder.findDefaultExecutable(GeckoDriverService.java:167)
at org.openqa.selenium.remote.service.DriverService$Builder.build(DriverService.java:355)
at org.openqa.selenium.firefox.FirefoxDriver.toExecutor(FirefoxDriver.java:190)
at org.openqa.selenium.firefox.FirefoxDriver.<init>(FirefoxDriver.java:147)
at org.openqa.selenium.firefox.FirefoxDriver.<init>(FirefoxDriver.java:125)
at MiniProject.BuildProjectEnquiry2.OpenBrowser(BuildProjectEnquiry2.java:30)
at java.base/java.util.ArrayList.forEach(ArrayList.java:1511)
... Removed 31 stack frames]]>
    </failure>
  </testcase> <!-- @BeforeMethod OpenBrowser -->
  <testcase classname="MiniProject.BuildProjectEnquiry2" name="ProjectEnquiry" time="0.0">
    <skipped/>
  </testcase> <!-- ProjectEnquiry -->
</testsuite> <!-- TestIshaHomes -->
